0001   0000             START:	.ORG	0000H
0002   0000 31 90 00    	LXI	SP,0090H
0003   0003 21 80 00    	LXI	H,080H	; On-Time = {decimal(HL)}*{no. of T-states in delay loop}*{time period of clock}
0004   0006 11 4A 00    	LXI	D,04AH	; Off-Time = {decimal(HL)}*{no. of T-states in delay loop}*{time period of clock}
0005   0009             
0006   0009 3E D0       REPEAT: MVI	A,0D0H
0007   000B 30          	SIM
0008   000C CD 1B 00    	CALL	DELAY
0009   000F EB          	XCHG
0010   0010 3E 50       	MVI	A,050H
0011   0012 30          	SIM
0012   0013 CD 1B 00    	CALL	DELAY
0013   0016 EB          	XCHG
0014   0017 C3 09 00    	JMP	REPEAT
0015   001A 76          	HLT
0016   001B             
0017   001B 44          DELAY:	MOV	B,H
0018   001C 4D          	MOV	C,L
0019   001D 0B          L1:	DCX	B
0020   001E 79          	MOV	A,C
0021   001F B0          	ORA	B
0022   0020 C2 1D 00    	JNZ	L1
0023   0023 C9          	RET
Number of errors = 0
