0001   0000             ; Load PC with 8200 initially
0002   0000             ; Store the two numbers to be added in 8240H and 8241H
0003   0000             ; using Memory Editor
0004   0000             
0005   0000             
0006   0000             
0007   0000             	.ORG	8200H
0008   8200             SUM	.EQU	01H
0009   8200             CARRY	.EQU	02H
0010   8200 21 40 82    START:	LXI	H,8240H
0011   8203 7E          	MOV	A,M
0012   8204 23          	INX	H
0013   8205 86          	ADD	M
0014   8206 D3 01       	OUT	SUM
0015   8208 32 50 82    	STA	8250H
0016   820B D2 15 82    	JNC	L1
0017   820E 3E 01       	MVI	A,01H
0018   8210 D3 02       	OUT	CARRY
0019   8212 32 51 82    	STA	8251H
0020   8215 76          L1:	HLT
0021   8216             	.END
Number of errors = 0
