MPASM  5.39                        SOURCE.ASM   4-20-2011  22:58:15         PAGE  1


LOC  OBJECT CODE     LINE SOURCE TEXT
  VALUE

                      00001 ;*******************************************************
                      00002 ;       File Name       : source.asm    
                      00003 ;       Description     : Electronic Dice
                      00004 ;       Author          : SRJ
                      00005 ;       Target          : Microchip PIC 12F629 Microcontroller
                      00006 ;       Compiler        : Microchip Assembler (MPASM)
                      00007 ;       IDE                     : Microchip MPLAB IDE v8.63
                      00008 ;*******************************************************
                      00009 
                      00010         list            p=PIC12F629             ; selects the device
                      00011         #include        <p12F629.inc>   ; include header file for the selected PIC
                      00001         LIST
                      00002 
                      00003 ;==========================================================================
                      00004 ;  MPASM PIC12F629 processor include
                      00005 ; 
                      00006 ;  (c) Copyright 1999-2010 Microchip Technology, All rights reserved
                      00007 ;==========================================================================
                      00008 
                      00324         LIST
                      00012         errorlevel      -302                    ; no warnings about register not in bank 0
                      00013         radix   hex                                     ; hexadecimal
                      00014 
                      00015 ;--------------------
                      00016 ;Configuration Bits 
                      00017 ;--------------------
                      00018 ; internal oscillator selected, watch-dog timer OFF, power-up timer ON, no ext reset, 
                      00019 ; brown-out detect OFF, no program memory code and data memory code protection 
                      00020 
Warning[205]: Found directive in column 1. (__CONFIG)
2007   3F84           00021 __CONFIG                _INTRC_OSC_NOCLKOUT & _WDT_OFF & _PWRTE_ON & _MCLRE_OFF & _BODEN_OFF & _CP_OFF &
                             _CPD_OFF
                      00022 
                      00023 ;-------------------------------------------------------------------------------------------------------
                            --
                      00024 
                      00025                 org             0x0000
0000   3000           00026 start   movlw   0x00                    ; disable all interrupts
0001   008B           00027                 movwf   INTCON
                      00028 
0002   1283           00029                 bcf             STATUS,RP0              ; select bank 0
0003   0185           00030                 clrf    GPIO                    ; init. GPIO
0004   3007           00031                 movlw   0x07
0005   0099           00032                 movwf   CMCON                   ; internal comparator in off mode, thus GP<2:0> are digi
                            tal IO pins now
                      00033         
0006   1683           00034                 bsf             STATUS,RP0              ; select bank 1
0007   3008           00035                 movlw   b'00001000'             ; GP0,GP1,GP2,GP4 - configure as output 
0008   0085           00036                 movwf   TRISIO                  ; GP3 - configure as input
                      00037                 
0009   1283           00038                 bcf             STATUS,RP0              ; select bank 0
                      00039                 
000A   3002           00040 repeat  movlw   0x02            ; show dots for number 1
MPASM  5.39                        SOURCE.ASM   4-20-2011  22:58:15         PAGE  2


LOC  OBJECT CODE     LINE SOURCE TEXT
  VALUE

000B   0085           00041                 movwf   GPIO
000C   2???           00042                 call    delay
                      00043                 
000D   3010           00044                 movlw   0x10            ; show dots for number 2
000E   0085           00045                 movwf   GPIO
000F   2???           00046                 call    delay
                      00047 
0010   3012           00048                 movlw   0x12            ; show dots for number 3
0011   0085           00049                 movwf   GPIO
0012   2???           00050                 call    delay
                      00051 
0013   3011           00052                 movlw   0x11            ; show dots for number 4
0014   0085           00053                 movwf   GPIO
0015   2???           00054                 call    delay
                      00055 
0016   3013           00056                 movlw   0x13            ; show dots for number 5
0017   0085           00057                 movwf   GPIO
0018   2???           00058                 call    delay
                      00059 
0019   3015           00060                 movlw   0x15            ; show dots for number 6
001A   0085           00061                 movwf   GPIO
001B   2???           00062                 call    delay
                      00063                 
001C   2???           00064                 goto repeat
                      00065                 
001D   1D85           00066 delay   btfss   GPIO,GP3        ; check if input switch is pressed, if yes, then stay within the
001E   0008           00067                 return                          ; loop, else return
001F   2???           00068                 goto    delay
                      00069 
3F84                  00070                 end
MPASM  5.39                        SOURCE.ASM   4-20-2011  22:58:15         PAGE  3


SYMBOL TABLE
  LABEL                             VALUE 

ADIE                              00000006
ADIF                              00000006
C                                 00000000
CAL0                              00000002
CAL1                              00000003
CAL2                              00000004
CAL3                              00000005
CAL4                              00000006
CAL5                              00000007
CINV                              00000004
CIS                               00000003
CM0                               00000000
CM1                               00000001
CM2                               00000002
CMCON                             00000019
CMIE                              00000003
CMIF                              00000003
COUT                              00000006
DC                                00000001
EEADR                             0000009B
EECON1                            0000009C
EECON2                            0000009D
EEDAT                             0000009A
EEDATA                            0000009A
EEIE                              00000007
EEIF                              00000007
F                                 00000001
FSR                               00000004
GIE                               00000007
GP0                               00000000
GP1                               00000001
GP2                               00000002
GP3                               00000003
GP4                               00000004
GP5                               00000005
GPIE                              00000003
GPIF                              00000000
GPIO                              00000005
GPIO0                             00000000
GPIO1                             00000001
GPIO2                             00000002
GPIO3                             00000003
GPIO4                             00000004
GPIO5                             00000005
INDF                              00000000
INTCON                            0000000B
INTE                              00000004
INTEDG                            00000006
INTF                              00000001
IOC                               00000096
IOC0                              00000000
IOC1                              00000001
IOC2                              00000002
MPASM  5.39                        SOURCE.ASM   4-20-2011  22:58:15         PAGE  4


SYMBOL TABLE
  LABEL                             VALUE 

IOC3                              00000003
IOC4                              00000004
IOC5                              00000005
IOCB                              00000096
IOCB0                             00000000
IOCB1                             00000001
IOCB2                             00000002
IOCB3                             00000003
IOCB4                             00000004
IOCB5                             00000005
IRP                               00000007
NOT_BOD                           00000000
NOT_BOR                           00000000
NOT_GPPU                          00000007
NOT_PD                            00000003
NOT_POR                           00000001
NOT_T1SYNC                        00000002
NOT_TO                            00000004
OPTION_REG                        00000081
OSCCAL                            00000090
PCL                               00000002
PCLATH                            0000000A
PCON                              0000008E
PEIE                              00000006
PIE1                              0000008C
PIR1                              0000000C
PS0                               00000000
PS1                               00000001
PS2                               00000002
PSA                               00000003
RD                                00000000
RP0                               00000005
RP1                               00000006
STATUS                            00000003
T0CS                              00000005
T0IE                              00000005
T0IF                              00000002
T0SE                              00000004
T1CKPS0                           00000004
T1CKPS1                           00000005
T1CON                             00000010
T1IE                              00000000
T1IF                              00000000
T1OSCEN                           00000003
TMR0                              00000001
TMR0IE                            00000005
TMR0IF                            00000002
TMR1CS                            00000001
TMR1GE                            00000006
TMR1H                             0000000F
TMR1IE                            00000000
TMR1IF                            00000000
TMR1L                             0000000E
MPASM  5.39                        SOURCE.ASM   4-20-2011  22:58:15         PAGE  5


SYMBOL TABLE
  LABEL                             VALUE 

TMR1ON                            00000000
TRISIO                            00000085
TRISIO0                           00000000
TRISIO1                           00000001
TRISIO2                           00000002
TRISIO3                           00000003
TRISIO4                           00000004
TRISIO5                           00000005
VR0                               00000000
VR1                               00000001
VR2                               00000002
VR3                               00000003
VRCON                             00000099
VREN                              00000007
VRR                               00000005
W                                 00000000
WPU                               00000095
WPU0                              00000000
WPU1                              00000001
WPU2                              00000002
WPU4                              00000004
WPU5                              00000005
WR                                00000001
WREN                              00000002
WRERR                             00000003
Z                                 00000002
_BODEN_OFF                        00003FBF
_BODEN_ON                         00003FFF
_CONFIG                           00002007
_CPD_OFF                          00003FFF
_CPD_ON                           00003EFF
_CP_OFF                           00003FFF
_CP_ON                            00003F7F
_DEVID1                           00002006
_EC_OSC                           00003FFB
_EXTRC_OSC_CLKOUT                 00003FFF
_EXTRC_OSC_NOCLKOUT               00003FFE
_HS_OSC                           00003FFA
_IDLOC0                           00002000
_IDLOC1                           00002001
_IDLOC2                           00002002
_IDLOC3                           00002003
_INTRC_OSC_CLKOUT                 00003FFD
_INTRC_OSC_NOCLKOUT               00003FFC
_LP_OSC                           00003FF8
_MCLRE_OFF                        00003FDF
_MCLRE_ON                         00003FFF
_PWRTE_OFF                        00003FFF
_PWRTE_ON                         00003FEF
_WDT_OFF                          00003FF7
_WDT_ON                           00003FFF
_XT_OSC                           00003FF9
__12F629                          00000001
MPASM  5.39                        SOURCE.ASM   4-20-2011  22:58:15         PAGE  6


SYMBOL TABLE
  LABEL                             VALUE 

__DEBUG                           1
delay                             0000001D
repeat                            0000000A
start                             00000000

Errors   :     0
Warnings :     1 reported,     0 suppressed
Messages :     0 reported,     1 suppressed

