0001   0000             	.ORG	0000H
0002   0000 21 50 00    START:	LXI	H,0050H	;
0003   0003 7E          	MOV	A,M
0004   0004 23          	INX	H
0005   0005 46          	MOV	B,M
0006   0006 0E 00       	MVI	C,00H	; Carry
0007   0008 16 09       	MVI	D,09H	; Counter
0008   000A D2 0E 00    	JNC	L1
0009   000D 3F          	CMC
0010   000E 15          L1:	DCR	D
0011   000F CA 22 00    	JZ	L3
0012   0012 17          	RAL
0013   0013 DA 19 00    	JC	L2
0014   0016 C3 0E 00    	JMP	L1
0015   0019 80          L2:	ADD	B
0016   001A D2 0E 00    	JNC	L1
0017   001D 0C          	INR	C
0018   001E 3F          	CMC
0019   001F C3 0E 00    	JMP	L1
0020   0022 23          L3:	INX	H
0021   0023 77          	MOV	M,A
0022   0024 23          	INX 	H
0023   0025 71          	MOV	M,C
0024   0026 76          	HLT
Number of errors = 0
